[debug] [2018-07-01T21:06:45.504Z] ----------------------------------------------------------------------
[debug] [2018-07-01T21:06:45.511Z] Command:       C:\Program Files\nodejs\node.exe C:\Users\mhoxha\AppData\Roaming\npm\node_modules\firebase-tools\bin\firebase init
[debug] [2018-07-01T21:06:45.513Z] CLI Version:   3.19.1
[debug] [2018-07-01T21:06:45.513Z] Platform:      win32
[debug] [2018-07-01T21:06:45.513Z] Node Version:  v7.7.3
[debug] [2018-07-01T21:06:45.514Z] Time:          Sun Jul 01 2018 23:06:45 GMT+0200 (Central Europe Daylight Time)
[debug] [2018-07-01T21:06:45.515Z] ----------------------------------------------------------------------
[debug] 
[debug] [2018-07-01T21:06:45.573Z] > command requires scopes: ["email","openid","https://www.googleapis.com/auth/cloudplatformprojects.readonly","https://www.googleapis.com/auth/firebase"]
[debug] [2018-07-01T21:06:45.577Z] > authorizing via signed-in user
[info] 
     ######## #### ########  ######## ########     ###     ######  ########
     ##        ##  ##     ## ##       ##     ##  ##   ##  ##       ##
     ######    ##  ########  ######   ########  #########  ######  ######
     ##        ##  ##    ##  ##       ##     ## ##     ##       ## ##
     ##       #### ##     ## ######## ########  ##     ##  ######  ########

You're about to initialize a Firebase project in this directory:

  C:\Users\mhoxha\Documents\GitHub\FitnessApp

Before we get started, keep in mind:

  * You are initializing in an existing Firebase project directory

